<?xml version="1.0" encoding="utf-8"?><testsuites name="pytest tests"><testsuite name="pytest" errors="0" failures="0" skipped="0" tests="9" time="1.148" timestamp="2026-01-29T19:20:25.045649+00:00" hostname="agent-env-a2e5a99c-09be-468c-b062-0fb08e319630"><testcase classname="tests.test_blog_api.TestAdminAuth" name="test_admin_login_success" time="0.116" /><testcase classname="tests.test_blog_api.TestAdminAuth" name="test_admin_login_invalid_credentials" time="0.051" /><testcase classname="tests.test_blog_api.TestBlogCRUD" name="test_get_all_blog_posts" time="0.094" /><testcase classname="tests.test_blog_api.TestBlogCRUD" name="test_create_blog_post" time="0.099" /><testcase classname="tests.test_blog_api.TestBlogCRUD" name="test_get_single_blog_post" time="0.164" /><testcase classname="tests.test_blog_api.TestBlogCRUD" name="test_update_blog_post" time="0.205" /><testcase classname="tests.test_blog_api.TestBlogCRUD" name="test_delete_blog_post" time="0.164" /><testcase classname="tests.test_blog_api.TestPublicBlogAPI" name="test_get_public_posts" time="0.039" /><testcase classname="tests.test_blog_api.TestPublicBlogAPI" name="test_get_post_by_slug" time="0.079" /></testsuite></testsuites>